<?xml version="1.0" encoding="UTF-8"?>
<!-- Generated by org.testng.reporters.JUnitReportReporter -->
<testsuite hostname="zhangjing-hp480" name="com.umpay.pay.QueryOrder" tests="1" failures="0" timestamp="6 Aug 2019 10:35:29 GMT" time="1.155" errors="0">
  <testcase name="queryOrder" time="1.155" classname="com.umpay.pay.QueryOrder"/>
</testsuite> <!-- com.umpay.pay.QueryOrder -->
