<?xml version="1.0" encoding="UTF-8"?>
<!-- Generated by org.testng.reporters.JUnitReportReporter -->
<testsuite hostname="zhangjing-hp480" name="com.umpay.pay.OrderQueryAPI" tests="1" failures="0" timestamp="9 Aug 2019 02:38:16 GMT" time="1.845" errors="0">
  <testcase name="orderQuery2" time="1.845" classname="com.umpay.pay.OrderQueryAPI"/>
</testsuite> <!-- com.umpay.pay.OrderQueryAPI -->
