<?xml version="1.0" encoding="UTF-8"?>
<!-- Generated by org.testng.reporters.JUnitReportReporter -->
<testsuite hostname="zhangjing-hp480" name="com.umpay.merinfo.MerInfoQueryAPI" tests="1" failures="0" timestamp="13 Aug 2019 09:28:52 GMT" time="0.820" errors="0">
  <testcase name="queryOrder" time="0.820" classname="com.umpay.merinfo.MerInfoQueryAPI"/>
</testsuite> <!-- com.umpay.merinfo.MerInfoQueryAPI -->
