<?xml version="1.0" encoding="UTF-8"?>
<!-- Generated by org.testng.reporters.JUnitReportReporter -->
<testsuite hostname="zhangjing-hp480" name="com.umpay.pay.PublicNumberAndMinorProcedures" tests="1" failures="0" timestamp="6 Aug 2019 07:32:56 GMT" time="1.164" errors="0">
  <testcase name="beSweptAPi" time="1.164" classname="com.umpay.pay.PublicNumberAndMinorProcedures"/>
</testsuite> <!-- com.umpay.pay.PublicNumberAndMinorProcedures -->
