<?xml version="1.0" encoding="UTF-8"?>
<!-- Generated by org.testng.reporters.JUnitReportReporter -->
<testsuite hostname="zhangjing-hp480" name="com.umpay.pay.mainSweep" tests="1" failures="0" timestamp="6 Aug 2019 04:49:51 GMT" time="1.219" errors="0">
  <testcase name="testMainSweep" time="1.219" classname="com.umpay.pay.mainSweep"/>
</testsuite> <!-- com.umpay.pay.mainSweep -->
