<?xml version="1.0" encoding="UTF-8"?>
<!-- Generated by org.testng.reporters.JUnitReportReporter -->
<testsuite hostname="zhangjing-hp480" name="com.umpay.merinfo.UploadImageAPI" tests="1" failures="0" timestamp="13 Aug 2019 10:13:17 GMT" time="3.868" errors="0">
  <testcase name="uploadImage" time="3.868" classname="com.umpay.merinfo.UploadImageAPI"/>
</testsuite> <!-- com.umpay.merinfo.UploadImageAPI -->
