<?xml version="1.0" encoding="UTF-8"?>
<!-- Generated by org.testng.reporters.JUnitReportReporter -->
<testsuite hostname="zhangjing-hp480" name="com.umpay.merinfo.MerInfoQuery" tests="1" failures="0" timestamp="6 Aug 2019 08:46:40 GMT" time="0.602" errors="0">
  <testcase name="queryOrder" time="0.602" classname="com.umpay.merinfo.MerInfoQuery"/>
</testsuite> <!-- com.umpay.merinfo.MerInfoQuery -->
